1500.000000
1500.000000
1500.000000
1500.000000
1500.000000
1500.000000
1500.000000
1500.000000
1500.000000
1500.000000
1500.000000
1500.000000
1500.000000
1500.000000
1500.000000
1500.000000
1500.000000
1500.000000
1500.000000
1500.000000
1219.775609
1219.775609
1219.775609
1219.775609
1219.775609
1219.775609
1219.775609
1219.775609
1219.775609
1219.775609
1219.775609
1219.775609
1219.775609
1219.775609
1219.775609
1219.775609
1219.775609
1219.775609
1219.775609
1219.775609
1029.623344
1029.623344
1029.623344
1029.623344
1029.623344
1029.623344
1029.623344
1029.623344
1029.623344
1029.623344
1029.623344
1029.623344
1029.623344
1029.623344
1029.623344
1029.623344
1029.623344
1029.623344
1029.623344
1029.623344
885.724333
885.724333
885.724333
885.724333
885.724333
885.724333
885.724333
885.724333
885.724333
885.724333
885.724333
885.724333
885.724333
885.724333
885.724333
885.724333
885.724333
885.724333
885.724333
885.724333
769.979476
769.979476
769.979476
769.979476
769.979476
769.979476
769.979476
769.979476
769.979476
769.979476
769.979476
769.979476
769.979476
769.979476
769.979476
769.979476
769.979476
769.979476
769.979476
769.979476
673.174686
673.174686
673.174686
673.174686
673.174686
673.174686
673.174686
673.174686
673.174686
673.174686
673.174686
673.174686
673.174686
673.174686
673.174686
673.174686
673.174686
673.174686
673.174686
673.174686
589.983070
589.983070
589.983070
589.983070
589.983070
589.983070
589.983070
589.983070
589.983070
589.983070
589.983070
589.983070
589.983070
589.983070
589.983070
589.983070
589.983070
589.983070
589.983070
589.983070
517.047955
517.047955
517.047955
517.047955
517.047955
517.047955
517.047955
517.047955
517.047955
517.047955
517.047955
517.047955
517.047955
517.047955
517.047955
517.047955
517.047955
517.047955
517.047955
517.047955
452.117913
452.117913
452.117913
452.117913
452.117913
452.117913
452.117913
452.117913
452.117913
452.117913
452.117913
452.117913
452.117913
452.117913
452.117913
452.117913
452.117913
452.117913
452.117913
452.117913
393.609524
393.609524
393.609524
393.609524
393.609524
393.609524
393.609524
393.609524
393.609524
393.609524
393.609524
393.609524
393.609524
393.609524
393.609524
393.609524
393.609524
393.609524
393.609524
393.609524
340.366890
340.366890
340.366890
340.366890
340.366890
340.366890
340.366890
340.366890
340.366890
340.366890
340.366890
340.366890
340.366890
340.366890
340.366890
340.366890
340.366890
340.366890
340.366890
340.366890
291.520436
291.520436
291.520436
291.520436
291.520436
291.520436
291.520436
291.520436
291.520436
291.520436
291.520436
291.520436
291.520436
291.520436
291.520436
291.520436
291.520436
291.520436
291.520436
291.520436
246.399560
246.399560
246.399560
246.399560
246.399560
246.399560
246.399560
246.399560
246.399560
246.399560
246.399560
246.399560
246.399560
246.399560
246.399560
246.399560
246.399560
246.399560
246.399560
246.399560
204.476226
204.476226
204.476226
204.476226
204.476226
204.476226
204.476226
204.476226
204.476226
204.476226
204.476226
204.476226
204.476226
204.476226
204.476226
204.476226
204.476226
204.476226
204.476226
204.476226
165.327230
165.327230
165.327230
165.327230
165.327230
165.327230
165.327230
165.327230
165.327230
165.327230
165.327230
165.327230
165.327230
165.327230
165.327230
165.327230
165.327230
165.327230
165.327230
165.327230
128.608172
128.608172
128.608172
128.608172
128.608172
128.608172
128.608172
128.608172
128.608172
128.608172
128.608172
128.608172
128.608172
128.608172
128.608172
128.608172
128.608172
128.608172
128.608172
128.608172
94.035033
94.035033
94.035033
94.035033
94.035033
94.035033
94.035033
94.035033
94.035033
94.035033
94.035033
94.035033
94.035033
94.035033
94.035033
94.035033
94.035033
94.035033
94.035033
94.035033
61.370840
61.370840
61.370840
61.370840
61.370840
61.370840
61.370840
61.370840
61.370840
61.370840
61.370840
61.370840
61.370840
61.370840
61.370840
61.370840
61.370840
61.370840
61.370840
61.370840
30.415820
30.415820
30.415820
30.415820
30.415820
30.415820
30.415820
30.415820
30.415820
30.415820
30.415820
30.415820
30.415820
30.415820
30.415820
30.415820
30.415820
30.415820
30.415820
30.415820
1.000000
1.000000
1.000000
1.000000
1.000000
1.000000
1.000000
1.000000
1.000000
1.000000
1.000000
1.000000
1.000000
1.000000
1.000000
1.000000
1.000000
1.000000
1.000000
1.000000
1500.000000
1500.000000
1500.000000
1500.000000
1500.000000
1500.000000
1500.000000
1500.000000
1500.000000
1500.000000
1500.000000
1500.000000
1500.000000
1500.000000
1500.000000
1500.000000
1500.000000
1500.000000
1500.000000
1500.000000
1220.710314
1220.710314
1220.710314
1220.710314
1220.710314
1220.710314
1220.710314
1220.710314
1220.710314
1220.710314
1220.710314
1220.710314
1220.710314
1220.710314
1220.710314
1220.710314
1220.710314
1220.710314
1220.710314
1220.710314
1031.192312
1031.192312
1031.192312
1031.192312
1031.192312
1031.192312
1031.192312
1031.192312
1031.192312
1031.192312
1031.192312
1031.192312
1031.192312
1031.192312
1031.192312
1031.192312
1031.192312
1031.192312
1031.192312
1031.192312
887.773284
887.773284
887.773284
887.773284
887.773284
887.773284
887.773284
887.773284
887.773284
887.773284
887.773284
887.773284
887.773284
887.773284
887.773284
887.773284
887.773284
887.773284
887.773284
887.773284
772.414501
772.414501
772.414501
772.414501
772.414501
772.414501
772.414501
772.414501
772.414501
772.414501
772.414501
772.414501
772.414501
772.414501
772.414501
772.414501
772.414501
772.414501
772.414501
772.414501
675.932609
675.932609
675.932609
675.932609
675.932609
675.932609
675.932609
675.932609
675.932609
675.932609
675.932609
675.932609
675.932609
675.932609
675.932609
675.932609
675.932609
675.932609
675.932609
675.932609
593.018484
593.018484
593.018484
593.018484
593.018484
593.018484
593.018484
593.018484
593.018484
593.018484
593.018484
593.018484
593.018484
593.018484
593.018484
593.018484
593.018484
593.018484
593.018484
593.018484
520.326647
520.326647
520.326647
520.326647
520.326647
520.326647
520.326647
520.326647
520.326647
520.326647
520.326647
520.326647
520.326647
520.326647
520.326647
520.326647
520.326647
520.326647
520.326647
520.326647
455.613184
455.613184
455.613184
455.613184
455.613184
455.613184
455.613184
455.613184
455.613184
455.613184
455.613184
455.613184
455.613184
455.613184
455.613184
455.613184
455.613184
455.613184
455.613184
455.613184
397.299952
397.299952
397.299952
397.299952
397.299952
397.299952
397.299952
397.299952
397.299952
397.299952
397.299952
397.299952
397.299952
397.299952
397.299952
397.299952
397.299952
397.299952
397.299952
397.299952
344.234912
344.234912
344.234912
344.234912
344.234912
344.234912
344.234912
344.234912
344.234912
344.234912
344.234912
344.234912
344.234912
344.234912
344.234912
344.234912
344.234912
344.234912
344.234912
344.234912
295.551389
295.551389
295.551389
295.551389
295.551389
295.551389
295.551389
295.551389
295.551389
295.551389
295.551389
295.551389
295.551389
295.551389
295.551389
295.551389
295.551389
295.551389
295.551389
295.551389
250.581015
250.581015
250.581015
250.581015
250.581015
250.581015
250.581015
250.581015
250.581015
250.581015
250.581015
250.581015
250.581015
250.581015
250.581015
250.581015
250.581015
250.581015
250.581015
250.581015
208.797519
208.797519
208.797519
208.797519
208.797519
208.797519
208.797519
208.797519
208.797519
208.797519
208.797519
208.797519
208.797519
208.797519
208.797519
208.797519
208.797519
208.797519
208.797519
208.797519
169.779107
169.779107
169.779107
169.779107
169.779107
169.779107
169.779107
169.779107
169.779107
169.779107
169.779107
169.779107
169.779107
169.779107
169.779107
169.779107
169.779107
169.779107
169.779107
169.779107
133.182527
133.182527
133.182527
133.182527
133.182527
133.182527
133.182527
133.182527
133.182527
133.182527
133.182527
133.182527
133.182527
133.182527
133.182527
133.182527
133.182527
133.182527
133.182527
133.182527
98.724709
98.724709
98.724709
98.724709
98.724709
98.724709
98.724709
98.724709
98.724709
98.724709
98.724709
98.724709
98.724709
98.724709
98.724709
98.724709
98.724709
98.724709
98.724709
98.724709
66.169470
66.169470
66.169470
66.169470
66.169470
66.169470
66.169470
66.169470
66.169470
66.169470
66.169470
66.169470
66.169470
66.169470
66.169470
66.169470
66.169470
66.169470
66.169470
66.169470
35.317702
35.317702
35.317702
35.317702
35.317702
35.317702
35.317702
35.317702
35.317702
35.317702
35.317702
35.317702
35.317702
35.317702
35.317702
35.317702
35.317702
35.317702
35.317702
35.317702
6.000000
6.000000
6.000000
6.000000
6.000000
6.000000
6.000000
6.000000
6.000000
6.000000
6.000000
6.000000
6.000000
6.000000
6.000000
6.000000
6.000000
6.000000
6.000000
6.000000
1500.000000
1500.000000
1500.000000
1500.000000
1500.000000
1500.000000
1500.000000
1500.000000
1500.000000
1500.000000
1500.000000
1500.000000
1500.000000
1500.000000
1500.000000
1500.000000
1500.000000
1500.000000
1500.000000
1500.000000
1221.645018
1221.645018
1221.645018
1221.645018
1221.645018
1221.645018
1221.645018
1221.645018
1221.645018
1221.645018
1221.645018
1221.645018
1221.645018
1221.645018
1221.645018
1221.645018
1221.645018
1221.645018
1221.645018
1221.645018
1032.761281
1032.761281
1032.761281
1032.761281
1032.761281
1032.761281
1032.761281
1032.761281
1032.761281
1032.761281
1032.761281
1032.761281
1032.761281
1032.761281
1032.761281
1032.761281
1032.761281
1032.761281
1032.761281
1032.761281
889.822236
889.822236
889.822236
889.822236
889.822236
889.822236
889.822236
889.822236
889.822236
889.822236
889.822236
889.822236
889.822236
889.822236
889.822236
889.822236
889.822236
889.822236
889.822236
889.822236
774.849526
774.849526
774.849526
774.849526
774.849526
774.849526
774.849526
774.849526
774.849526
774.849526
774.849526
774.849526
774.849526
774.849526
774.849526
774.849526
774.849526
774.849526
774.849526
774.849526
678.690532
678.690532
678.690532
678.690532
678.690532
678.690532
678.690532
678.690532
678.690532
678.690532
678.690532
678.690532
678.690532
678.690532
678.690532
678.690532
678.690532
678.690532
678.690532
678.690532
596.053897
596.053897
596.053897
596.053897
596.053897
596.053897
596.053897
596.053897
596.053897
596.053897
596.053897
596.053897
596.053897
596.053897
596.053897
596.053897
596.053897
596.053897
596.053897
596.053897
523.605340
523.605340
523.605340
523.605340
523.605340
523.605340
523.605340
523.605340
523.605340
523.605340
523.605340
523.605340
523.605340
523.605340
523.605340
523.605340
523.605340
523.605340
523.605340
523.605340
459.108454
459.108454
459.108454
459.108454
459.108454
459.108454
459.108454
459.108454
459.108454
459.108454
459.108454
459.108454
459.108454
459.108454
459.108454
459.108454
459.108454
459.108454
459.108454
459.108454
400.990381
400.990381
400.990381
400.990381
400.990381
400.990381
400.990381
400.990381
400.990381
400.990381
400.990381
400.990381
400.990381
400.990381
400.990381
400.990381
400.990381
400.990381
400.990381
400.990381
348.102934
348.102934
348.102934
348.102934
348.102934
348.102934
348.102934
348.102934
348.102934
348.102934
348.102934
348.102934
348.102934
348.102934
348.102934
348.102934
348.102934
348.102934
348.102934
348.102934
299.582341
299.582341
299.582341
299.582341
299.582341
299.582341
299.582341
299.582341
299.582341
299.582341
299.582341
299.582341
299.582341
299.582341
299.582341
299.582341
299.582341
299.582341
299.582341
299.582341
254.762471
254.762471
254.762471
254.762471
254.762471
254.762471
254.762471
254.762471
254.762471
254.762471
254.762471
254.762471
254.762471
254.762471
254.762471
254.762471
254.762471
254.762471
254.762471
254.762471
213.118813
213.118813
213.118813
213.118813
213.118813
213.118813
213.118813
213.118813
213.118813
213.118813
213.118813
213.118813
213.118813
213.118813
213.118813
213.118813
213.118813
213.118813
213.118813
213.118813
174.230984
174.230984
174.230984
174.230984
174.230984
174.230984
174.230984
174.230984
174.230984
174.230984
174.230984
174.230984
174.230984
174.230984
174.230984
174.230984
174.230984
174.230984
174.230984
174.230984
137.756883
137.756883
137.756883
137.756883
137.756883
137.756883
137.756883
137.756883
137.756883
137.756883
137.756883
137.756883
137.756883
137.756883
137.756883
137.756883
137.756883
137.756883
137.756883
137.756883
103.414385
103.414385
103.414385
103.414385
103.414385
103.414385
103.414385
103.414385
103.414385
103.414385
103.414385
103.414385
103.414385
103.414385
103.414385
103.414385
103.414385
103.414385
103.414385
103.414385
70.968099
70.968099
70.968099
70.968099
70.968099
70.968099
70.968099
70.968099
70.968099
70.968099
70.968099
70.968099
70.968099
70.968099
70.968099
70.968099
70.968099
70.968099
70.968099
70.968099
40.219584
40.219584
40.219584
40.219584
40.219584
40.219584
40.219584
40.219584
40.219584
40.219584
40.219584
40.219584
40.219584
40.219584
40.219584
40.219584
40.219584
40.219584
40.219584
40.219584
11.000000
11.000000
11.000000
11.000000
11.000000
11.000000
11.000000
11.000000
11.000000
11.000000
11.000000
11.000000
11.000000
11.000000
11.000000
11.000000
11.000000
11.000000
11.000000
11.000000
1500.000000
1500.000000
1500.000000
1500.000000
1500.000000
1500.000000
1500.000000
1500.000000
1500.000000
1500.000000
1500.000000
1500.000000
1500.000000
1500.000000
1500.000000
1500.000000
1500.000000
1500.000000
1500.000000
1500.000000
1222.579723
1222.579723
1222.579723
1222.579723
1222.579723
1222.579723
1222.579723
1222.579723
1222.579723
1222.579723
1222.579723
1222.579723
1222.579723
1222.579723
1222.579723
1222.579723
1222.579723
1222.579723
1222.579723
1222.579723
1034.330249
1034.330249
1034.330249
1034.330249
1034.330249
1034.330249
1034.330249
1034.330249
1034.330249
1034.330249
1034.330249
1034.330249
1034.330249
1034.330249
1034.330249
1034.330249
1034.330249
1034.330249
1034.330249
1034.330249
891.871187
891.871187
891.871187
891.871187
891.871187
891.871187
891.871187
891.871187
891.871187
891.871187
891.871187
891.871187
891.871187
891.871187
891.871187
891.871187
891.871187
891.871187
891.871187
891.871187
777.284551
777.284551
777.284551
777.284551
777.284551
777.284551
777.284551
777.284551
777.284551
777.284551
777.284551
777.284551
777.284551
777.284551
777.284551
777.284551
777.284551
777.284551
777.284551
777.284551
681.448455
681.448455
681.448455
681.448455
681.448455
681.448455
681.448455
681.448455
681.448455
681.448455
681.448455
681.448455
681.448455
681.448455
681.448455
681.448455
681.448455
681.448455
681.448455
681.448455
599.089310
599.089310
599.089310
599.089310
599.089310
599.089310
599.089310
599.089310
599.089310
599.089310
599.089310
599.089310
599.089310
599.089310
599.089310
599.089310
599.089310
599.089310
599.089310
599.089310
526.884033
526.884033
526.884033
526.884033
526.884033
526.884033
526.884033
526.884033
526.884033
526.884033
526.884033
526.884033
526.884033
526.884033
526.884033
526.884033
526.884033
526.884033
526.884033
526.884033
462.603725
462.603725
462.603725
462.603725
462.603725
462.603725
462.603725
462.603725
462.603725
462.603725
462.603725
462.603725
462.603725
462.603725
462.603725
462.603725
462.603725
462.603725
462.603725
462.603725
404.680809
404.680809
404.680809
404.680809
404.680809
404.680809
404.680809
404.680809
404.680809
404.680809
404.680809
404.680809
404.680809
404.680809
404.680809
404.680809
404.680809
404.680809
404.680809
404.680809
351.970957
351.970957
351.970957
351.970957
351.970957
351.970957
351.970957
351.970957
351.970957
351.970957
351.970957
351.970957
351.970957
351.970957
351.970957
351.970957
351.970957
351.970957
351.970957
351.970957
303.613294
303.613294
303.613294
303.613294
303.613294
303.613294
303.613294
303.613294
303.613294
303.613294
303.613294
303.613294
303.613294
303.613294
303.613294
303.613294
303.613294
303.613294
303.613294
303.613294
258.943927
258.943927
258.943927
258.943927
258.943927
258.943927
258.943927
258.943927
258.943927
258.943927
258.943927
258.943927
258.943927
258.943927
258.943927
258.943927
258.943927
258.943927
258.943927
258.943927
217.440106
217.440106
217.440106
217.440106
217.440106
217.440106
217.440106
217.440106
217.440106
217.440106
217.440106
217.440106
217.440106
217.440106
217.440106
217.440106
217.440106
217.440106
217.440106
217.440106
178.682861
178.682861
178.682861
178.682861
178.682861
178.682861
178.682861
178.682861
178.682861
178.682861
178.682861
178.682861
178.682861
178.682861
178.682861
178.682861
178.682861
178.682861
178.682861
178.682861
142.331239
142.331239
142.331239
142.331239
142.331239
142.331239
142.331239
142.331239
142.331239
142.331239
142.331239
142.331239
142.331239
142.331239
142.331239
142.331239
142.331239
142.331239
142.331239
142.331239
108.104062
108.104062
108.104062
108.104062
108.104062
108.104062
108.104062
108.104062
108.104062
108.104062
108.104062
108.104062
108.104062
108.104062
108.104062
108.104062
108.104062
108.104062
108.104062
108.104062
75.766729
75.766729
75.766729
75.766729
75.766729
75.766729
75.766729
75.766729
75.766729
75.766729
75.766729
75.766729
75.766729
75.766729
75.766729
75.766729
75.766729
75.766729
75.766729
75.766729
45.121466
45.121466
45.121466
45.121466
45.121466
45.121466
45.121466
45.121466
45.121466
45.121466
45.121466
45.121466
45.121466
45.121466
45.121466
45.121466
45.121466
45.121466
45.121466
45.121466
16.000000
16.000000
16.000000
16.000000
16.000000
16.000000
16.000000
16.000000
16.000000
16.000000
16.000000
16.000000
16.000000
16.000000
16.000000
16.000000
16.000000
16.000000
16.000000
16.000000
1500.000000
1500.000000
1500.000000
1500.000000
1500.000000
1500.000000
1500.000000
1500.000000
1500.000000
1500.000000
1500.000000
1500.000000
1500.000000
1500.000000
1500.000000
1500.000000
1500.000000
1500.000000
1500.000000
1500.000000
1223.514427
1223.514427
1223.514427
1223.514427
1223.514427
1223.514427
1223.514427
1223.514427
1223.514427
1223.514427
1223.514427
1223.514427
1223.514427
1223.514427
1223.514427
1223.514427
1223.514427
1223.514427
1223.514427
1223.514427
1035.899217
1035.899217
1035.899217
1035.899217
1035.899217
1035.899217
1035.899217
1035.899217
1035.899217
1035.899217
1035.899217
1035.899217
1035.899217
1035.899217
1035.899217
1035.899217
1035.899217
1035.899217
1035.899217
1035.899217
893.920139
893.920139
893.920139
893.920139
893.920139
893.920139
893.920139
893.920139
893.920139
893.920139
893.920139
893.920139
893.920139
893.920139
893.920139
893.920139
893.920139
893.920139
893.920139
893.920139
779.719576
779.719576
779.719576
779.719576
779.719576
779.719576
779.719576
779.719576
779.719576
779.719576
779.719576
779.719576
779.719576
779.719576
779.719576
779.719576
779.719576
779.719576
779.719576
779.719576
684.206378
684.206378
684.206378
684.206378
684.206378
684.206378
684.206378
684.206378
684.206378
684.206378
684.206378
684.206378
684.206378
684.206378
684.206378
684.206378
684.206378
684.206378
684.206378
684.206378
602.124724
602.124724
602.124724
602.124724
602.124724
602.124724
602.124724
602.124724
602.124724
602.124724
602.124724
602.124724
602.124724
602.124724
602.124724
602.124724
602.124724
602.124724
602.124724
602.124724
530.162725
530.162725
530.162725
530.162725
530.162725
530.162725
530.162725
530.162725
530.162725
530.162725
530.162725
530.162725
530.162725
530.162725
530.162725
530.162725
530.162725
530.162725
530.162725
530.162725
466.098995
466.098995
466.098995
466.098995
466.098995
466.098995
466.098995
466.098995
466.098995
466.098995
466.098995
466.098995
466.098995
466.098995
466.098995
466.098995
466.098995
466.098995
466.098995
466.098995
408.371238
408.371238
408.371238
408.371238
408.371238
408.371238
408.371238
408.371238
408.371238
408.371238
408.371238
408.371238
408.371238
408.371238
408.371238
408.371238
408.371238
408.371238
408.371238
408.371238
355.838979
355.838979
355.838979
355.838979
355.838979
355.838979
355.838979
355.838979
355.838979
355.838979
355.838979
355.838979
355.838979
355.838979
355.838979
355.838979
355.838979
355.838979
355.838979
355.838979
307.644246
307.644246
307.644246
307.644246
307.644246
307.644246
307.644246
307.644246
307.644246
307.644246
307.644246
307.644246
307.644246
307.644246
307.644246
307.644246
307.644246
307.644246
307.644246
307.644246
263.125383
263.125383
263.125383
263.125383
263.125383
263.125383
263.125383
263.125383
263.125383
263.125383
263.125383
263.125383
263.125383
263.125383
263.125383
263.125383
263.125383
263.125383
263.125383
263.125383
221.761399
221.761399
221.761399
221.761399
221.761399
221.761399
221.761399
221.761399
221.761399
221.761399
221.761399
221.761399
221.761399
221.761399
221.761399
221.761399
221.761399
221.761399
221.761399
221.761399
183.134739
183.134739
183.134739
183.134739
183.134739
183.134739
183.134739
183.134739
183.134739
183.134739
183.134739
183.134739
183.134739
183.134739
183.134739
183.134739
183.134739
183.134739
183.134739
183.134739
146.905594
146.905594
146.905594
146.905594
146.905594
146.905594
146.905594
146.905594
146.905594
146.905594
146.905594
146.905594
146.905594
146.905594
146.905594
146.905594
146.905594
146.905594
146.905594
146.905594
112.793738
112.793738
112.793738
112.793738
112.793738
112.793738
112.793738
112.793738
112.793738
112.793738
112.793738
112.793738
112.793738
112.793738
112.793738
112.793738
112.793738
112.793738
112.793738
112.793738
80.565358
80.565358
80.565358
80.565358
80.565358
80.565358
80.565358
80.565358
80.565358
80.565358
80.565358
80.565358
80.565358
80.565358
80.565358
80.565358
80.565358
80.565358
80.565358
80.565358
50.023347
50.023347
50.023347
50.023347
50.023347
50.023347
50.023347
50.023347
50.023347
50.023347
50.023347
50.023347
50.023347
50.023347
50.023347
50.023347
50.023347
50.023347
50.023347
50.023347
21.000000
21.000000
21.000000
21.000000
21.000000
21.000000
21.000000
21.000000
21.000000
21.000000
21.000000
21.000000
21.000000
21.000000
21.000000
21.000000
21.000000
21.000000
21.000000
21.000000
1500.000000
1500.000000
1500.000000
1500.000000
1500.000000
1500.000000
1500.000000
1500.000000
1500.000000
1500.000000
1500.000000
1500.000000
1500.000000
1500.000000
1500.000000
1500.000000
1500.000000
1500.000000
1500.000000
1500.000000
1224.449131
1224.449131
1224.449131
1224.449131
1224.449131
1224.449131
1224.449131
1224.449131
1224.449131
1224.449131
1224.449131
1224.449131
1224.449131
1224.449131
1224.449131
1224.449131
1224.449131
1224.449131
1224.449131
1224.449131
1037.468185
1037.468185
1037.468185
1037.468185
1037.468185
1037.468185
1037.468185
1037.468185
1037.468185
1037.468185
1037.468185
1037.468185
1037.468185
1037.468185
1037.468185
1037.468185
1037.468185
1037.468185
1037.468185
1037.468185
895.969090
895.969090
895.969090
895.969090
895.969090
895.969090
895.969090
895.969090
895.969090
895.969090
895.969090
895.969090
895.969090
895.969090
895.969090
895.969090
895.969090
895.969090
895.969090
895.969090
782.154601
782.154601
782.154601
782.154601
782.154601
782.154601
782.154601
782.154601
782.154601
782.154601
782.154601
782.154601
782.154601
782.154601
782.154601
782.154601
782.154601
782.154601
782.154601
782.154601
686.964301
686.964301
686.964301
686.964301
686.964301
686.964301
686.964301
686.964301
686.964301
686.964301
686.964301
686.964301
686.964301
686.964301
686.964301
686.964301
686.964301
686.964301
686.964301
686.964301
605.160137
605.160137
605.160137
605.160137
605.160137
605.160137
605.160137
605.160137
605.160137
605.160137
605.160137
605.160137
605.160137
605.160137
605.160137
605.160137
605.160137
605.160137
605.160137
605.160137
533.441418
533.441418
533.441418
533.441418
533.441418
533.441418
533.441418
533.441418
533.441418
533.441418
533.441418
533.441418
533.441418
533.441418
533.441418
533.441418
533.441418
533.441418
533.441418
533.441418
469.594265
469.594265
469.594265
469.594265
469.594265
469.594265
469.594265
469.594265
469.594265
469.594265
469.594265
469.594265
469.594265
469.594265
469.594265
469.594265
469.594265
469.594265
469.594265
469.594265
412.061667
412.061667
412.061667
412.061667
412.061667
412.061667
412.061667
412.061667
412.061667
412.061667
412.061667
412.061667
412.061667
412.061667
412.061667
412.061667
412.061667
412.061667
412.061667
412.061667
359.707002
359.707002
359.707002
359.707002
359.707002
359.707002
359.707002
359.707002
359.707002
359.707002
359.707002
359.707002
359.707002
359.707002
359.707002
359.707002
359.707002
359.707002
359.707002
359.707002
311.675199
311.675199
311.675199
311.675199
311.675199
311.675199
311.675199
311.675199
311.675199
311.675199
311.675199
311.675199
311.675199
311.675199
311.675199
311.675199
311.675199
311.675199
311.675199
311.675199
267.306839
267.306839
267.306839
267.306839
267.306839
267.306839
267.306839
267.306839
267.306839
267.306839
267.306839
267.306839
267.306839
267.306839
267.306839
267.306839
267.306839
267.306839
267.306839
267.306839
226.082693
226.082693
226.082693
226.082693
226.082693
226.082693
226.082693
226.082693
226.082693
226.082693
226.082693
226.082693
226.082693
226.082693
226.082693
226.082693
226.082693
226.082693
226.082693
226.082693
187.586616
187.586616
187.586616
187.586616
187.586616
187.586616
187.586616
187.586616
187.586616
187.586616
187.586616
187.586616
187.586616
187.586616
187.586616
187.586616
187.586616
187.586616
187.586616
187.586616
151.479950
151.479950
151.479950
151.479950
151.479950
151.479950
151.479950
151.479950
151.479950
151.479950
151.479950
151.479950
151.479950
151.479950
151.479950
151.479950
151.479950
151.479950
151.479950
151.479950
117.483414
117.483414
117.483414
117.483414
117.483414
117.483414
117.483414
117.483414
117.483414
117.483414
117.483414
117.483414
117.483414
117.483414
117.483414
117.483414
117.483414
117.483414
117.483414
117.483414
85.363988
85.363988
85.363988
85.363988
85.363988
85.363988
85.363988
85.363988
85.363988
85.363988
85.363988
85.363988
85.363988
85.363988
85.363988
85.363988
85.363988
85.363988
85.363988
85.363988
54.925229
54.925229
54.925229
54.925229
54.925229
54.925229
54.925229
54.925229
54.925229
54.925229
54.925229
54.925229
54.925229
54.925229
54.925229
54.925229
54.925229
54.925229
54.925229
54.925229
26.000000
26.000000
26.000000
26.000000
26.000000
26.000000
26.000000
26.000000
26.000000
26.000000
26.000000
26.000000
26.000000
26.000000
26.000000
26.000000
26.000000
26.000000
26.000000
26.000000
1500.000000
1500.000000
1500.000000
1500.000000
1500.000000
1500.000000
1500.000000
1500.000000
1500.000000
1500.000000
1500.000000
1500.000000
1500.000000
1500.000000
1500.000000
1500.000000
1500.000000
1500.000000
1500.000000
1500.000000
1225.383836
1225.383836
1225.383836
1225.383836
1225.383836
1225.383836
1225.383836
1225.383836
1225.383836
1225.383836
1225.383836
1225.383836
1225.383836
1225.383836
1225.383836
1225.383836
1225.383836
1225.383836
1225.383836
1225.383836
1039.037153
1039.037153
1039.037153
1039.037153
1039.037153
1039.037153
1039.037153
1039.037153
1039.037153
1039.037153
1039.037153
1039.037153
1039.037153
1039.037153
1039.037153
1039.037153
1039.037153
1039.037153
1039.037153
1039.037153
898.018042
898.018042
898.018042
898.018042
898.018042
898.018042
898.018042
898.018042
898.018042
898.018042
898.018042
898.018042
898.018042
898.018042
898.018042
898.018042
898.018042
898.018042
898.018042
898.018042
784.589626
784.589626
784.589626
784.589626
784.589626
784.589626
784.589626
784.589626
784.589626
784.589626
784.589626
784.589626
784.589626
784.589626
784.589626
784.589626
784.589626
784.589626
784.589626
784.589626
689.722224
689.722224
689.722224
689.722224
689.722224
689.722224
689.722224
689.722224
689.722224
689.722224
689.722224
689.722224
689.722224
689.722224
689.722224
689.722224
689.722224
689.722224
689.722224
689.722224
608.195550
608.195550
608.195550
608.195550
608.195550
608.195550
608.195550
608.195550
608.195550
608.195550
608.195550
608.195550
608.195550
608.195550
608.195550
608.195550
608.195550
608.195550
608.195550
608.195550
536.720111
536.720111
536.720111
536.720111
536.720111
536.720111
536.720111
536.720111
536.720111
536.720111
536.720111
536.720111
536.720111
536.720111
536.720111
536.720111
536.720111
536.720111
536.720111
536.720111
473.089536
473.089536
473.089536
473.089536
473.089536
473.089536
473.089536
473.089536
473.089536
473.089536
473.089536
473.089536
473.089536
473.089536
473.089536
473.089536
473.089536
473.089536
473.089536
473.089536
415.752095
415.752095
415.752095
415.752095
415.752095
415.752095
415.752095
415.752095
415.752095
415.752095
415.752095
415.752095
415.752095
415.752095
415.752095
415.752095
415.752095
415.752095
415.752095
415.752095
363.575024
363.575024
363.575024
363.575024
363.575024
363.575024
363.575024
363.575024
363.575024
363.575024
363.575024
363.575024
363.575024
363.575024
363.575024
363.575024
363.575024
363.575024
363.575024
363.575024
315.706151
315.706151
315.706151
315.706151
315.706151
315.706151
315.706151
315.706151
315.706151
315.706151
315.706151
315.706151
315.706151
315.706151
315.706151
315.706151
315.706151
315.706151
315.706151
315.706151
271.488294
271.488294
271.488294
271.488294
271.488294
271.488294
271.488294
271.488294
271.488294
271.488294
271.488294
271.488294
271.488294
271.488294
271.488294
271.488294
271.488294
271.488294
271.488294
271.488294
230.403986
230.403986
230.403986
230.403986
230.403986
230.403986
230.403986
230.403986
230.403986
230.403986
230.403986
230.403986
230.403986
230.403986
230.403986
230.403986
230.403986
230.403986
230.403986
230.403986
192.038493
192.038493
192.038493
192.038493
192.038493
192.038493
192.038493
192.038493
192.038493
192.038493
192.038493
192.038493
192.038493
192.038493
192.038493
192.038493
192.038493
192.038493
192.038493
192.038493
156.054306
156.054306
156.054306
156.054306
156.054306
156.054306
156.054306
156.054306
156.054306
156.054306
156.054306
156.054306
156.054306
156.054306
156.054306
156.054306
156.054306
156.054306
156.054306
156.054306
122.173091
122.173091
122.173091
122.173091
122.173091
122.173091
122.173091
122.173091
122.173091
122.173091
122.173091
122.173091
122.173091
122.173091
122.173091
122.173091
122.173091
122.173091
122.173091
122.173091
90.162618
90.162618
90.162618
90.162618
90.162618
90.162618
90.162618
90.162618
90.162618
90.162618
90.162618
90.162618
90.162618
90.162618
90.162618
90.162618
90.162618
90.162618
90.162618
90.162618
59.827111
59.827111
59.827111
59.827111
59.827111
59.827111
59.827111
59.827111
59.827111
59.827111
59.827111
59.827111
59.827111
59.827111
59.827111
59.827111
59.827111
59.827111
59.827111
59.827111
31.000000
31.000000
31.000000
31.000000
31.000000
31.000000
31.000000
31.000000
31.000000
31.000000
31.000000
31.000000
31.000000
31.000000
31.000000
31.000000
31.000000
31.000000
31.000000
31.000000
1500.000000
1500.000000
1500.000000
1500.000000
1500.000000
1500.000000
1500.000000
1500.000000
1500.000000
1500.000000
1500.000000
1500.000000
1500.000000
1500.000000
1500.000000
1500.000000
1500.000000
1500.000000
1500.000000
1500.000000
1226.318540
1226.318540
1226.318540
1226.318540
1226.318540
1226.318540
1226.318540
1226.318540
1226.318540
1226.318540
1226.318540
1226.318540
1226.318540
1226.318540
1226.318540
1226.318540
1226.318540
1226.318540
1226.318540
1226.318540
1040.606121
1040.606121
1040.606121
1040.606121
1040.606121
1040.606121
1040.606121
1040.606121
1040.606121
1040.606121
1040.606121
1040.606121
1040.606121
1040.606121
1040.606121
1040.606121
1040.606121
1040.606121
1040.606121
1040.606121
900.066993
900.066993
900.066993
900.066993
900.066993
900.066993
900.066993
900.066993
900.066993
900.066993
900.066993
900.066993
900.066993
900.066993
900.066993
900.066993
900.066993
900.066993
900.066993
900.066993
787.024651
787.024651
787.024651
787.024651
787.024651
787.024651
787.024651
787.024651
787.024651
787.024651
787.024651
787.024651
787.024651
787.024651
787.024651
787.024651
787.024651
787.024651
787.024651
787.024651
692.480147
692.480147
692.480147
692.480147
692.480147
692.480147
692.480147
692.480147
692.480147
692.480147
692.480147
692.480147
692.480147
692.480147
692.480147
692.480147
692.480147
692.480147
692.480147
692.480147
611.230964
611.230964
611.230964
611.230964
611.230964
611.230964
611.230964
611.230964
611.230964
611.230964
611.230964
611.230964
611.230964
611.230964
611.230964
611.230964
611.230964
611.230964
611.230964
611.230964
539.998803
539.998803
539.998803
539.998803
539.998803
539.998803
539.998803
539.998803
539.998803
539.998803
539.998803
539.998803
539.998803
539.998803
539.998803
539.998803
539.998803
539.998803
539.998803
539.998803
476.584806
476.584806
476.584806
476.584806
476.584806
476.584806
476.584806
476.584806
476.584806
476.584806
476.584806
476.584806
476.584806
476.584806
476.584806
476.584806
476.584806
476.584806
476.584806
476.584806
419.442524
419.442524
419.442524
419.442524
419.442524
419.442524
419.442524
419.442524
419.442524
419.442524
419.442524
419.442524
419.442524
419.442524
419.442524
419.442524
419.442524
419.442524
419.442524
419.442524
367.443046
367.443046
367.443046
367.443046
367.443046
367.443046
367.443046
367.443046
367.443046
367.443046
367.443046
367.443046
367.443046
367.443046
367.443046
367.443046
367.443046
367.443046
367.443046
367.443046
319.737104
319.737104
319.737104
319.737104
319.737104
319.737104
319.737104
319.737104
319.737104
319.737104
319.737104
319.737104
319.737104
319.737104
319.737104
319.737104
319.737104
319.737104
319.737104
319.737104
275.669750
275.669750
275.669750
275.669750
275.669750
275.669750
275.669750
275.669750
275.669750
275.669750
275.669750
275.669750
275.669750
275.669750
275.669750
275.669750
275.669750
275.669750
275.669750
275.669750
234.725280
234.725280
234.725280
234.725280
234.725280
234.725280
234.725280
234.725280
234.725280
234.725280
234.725280
234.725280
234.725280
234.725280
234.725280
234.725280
234.725280
234.725280
234.725280
234.725280
196.490370
196.490370
196.490370
196.490370
196.490370
196.490370
196.490370
196.490370
196.490370
196.490370
196.490370
196.490370
196.490370
196.490370
196.490370
196.490370
196.490370
196.490370
196.490370
196.490370
160.628661
160.628661
160.628661
160.628661
160.628661
160.628661
160.628661
160.628661
160.628661
160.628661
160.628661
160.628661
160.628661
160.628661
160.628661
160.628661
160.628661
160.628661
160.628661
160.628661
126.862767
126.862767
126.862767
126.862767
126.862767
126.862767
126.862767
126.862767
126.862767
126.862767
126.862767
126.862767
126.862767
126.862767
126.862767
126.862767
126.862767
126.862767
126.862767
126.862767
94.961247
94.961247
94.961247
94.961247
94.961247
94.961247
94.961247
94.961247
94.961247
94.961247
94.961247
94.961247
94.961247
94.961247
94.961247
94.961247
94.961247
94.961247
94.961247
94.961247
64.728993
64.728993
64.728993
64.728993
64.728993
64.728993
64.728993
64.728993
64.728993
64.728993
64.728993
64.728993
64.728993
64.728993
64.728993
64.728993
64.728993
64.728993
64.728993
64.728993
36.000000
36.000000
36.000000
36.000000
36.000000
36.000000
36.000000
36.000000
36.000000
36.000000
36.000000
36.000000
36.000000
36.000000
36.000000
36.000000
36.000000
36.000000
36.000000
36.000000
1500.000000
1500.000000
1500.000000
1500.000000
1500.000000
1500.000000
1500.000000
1500.000000
1500.000000
1500.000000
1500.000000
1500.000000
1500.000000
1500.000000
1500.000000
1500.000000
1500.000000
1500.000000
1500.000000
1500.000000
1227.253245
1227.253245
1227.253245
1227.253245
1227.253245
1227.253245
1227.253245
1227.253245
1227.253245
1227.253245
1227.253245
1227.253245
1227.253245
1227.253245
1227.253245
1227.253245
1227.253245
1227.253245
1227.253245
1227.253245
1042.175090
1042.175090
1042.175090
1042.175090
1042.175090
1042.175090
1042.175090
1042.175090
1042.175090
1042.175090
1042.175090
1042.175090
1042.175090
1042.175090
1042.175090
1042.175090
1042.175090
1042.175090
1042.175090
1042.175090
902.115945
902.115945
902.115945
902.115945
902.115945
902.115945
902.115945
902.115945
902.115945
902.115945
902.115945
902.115945
902.115945
902.115945
902.115945
902.115945
902.115945
902.115945
902.115945
902.115945
789.459677
789.459677
789.459677
789.459677
789.459677
789.459677
789.459677
789.459677
789.459677
789.459677
789.459677
789.459677
789.459677
789.459677
789.459677
789.459677
789.459677
789.459677
789.459677
789.459677
695.238070
695.238070
695.238070
695.238070
695.238070
695.238070
695.238070
695.238070
695.238070
695.238070
695.238070
695.238070
695.238070
695.238070
695.238070
695.238070
695.238070
695.238070
695.238070
695.238070
614.266377
614.266377
614.266377
614.266377
614.266377
614.266377
614.266377
614.266377
614.266377
614.266377
614.266377
614.266377
614.266377
614.266377
614.266377
614.266377
614.266377
614.266377
614.266377
614.266377
543.277496
543.277496
543.277496
543.277496
543.277496
543.277496
543.277496
543.277496
543.277496
543.277496
543.277496
543.277496
543.277496
543.277496
543.277496
543.277496
543.277496
543.277496
543.277496
543.277496
480.080077
480.080077
480.080077
480.080077
480.080077
480.080077
480.080077
480.080077
480.080077
480.080077
480.080077
480.080077
480.080077
480.080077
480.080077
480.080077
480.080077
480.080077
480.080077
480.080077
423.132952
423.132952
423.132952
423.132952
423.132952
423.132952
423.132952
423.132952
423.132952
423.132952
423.132952
423.132952
423.132952
423.132952
423.132952
423.132952
423.132952
423.132952
423.132952
423.132952
371.311069
371.311069
371.311069
371.311069
371.311069
371.311069
371.311069
371.311069
371.311069
371.311069
371.311069
371.311069
371.311069
371.311069
371.311069
371.311069
371.311069
371.311069
371.311069
371.311069
323.768056
323.768056
323.768056
323.768056
323.768056
323.768056
323.768056
323.768056
323.768056
323.768056
323.768056
323.768056
323.768056
323.768056
323.768056
323.768056
323.768056
323.768056
323.768056
323.768056
279.851206
279.851206
279.851206
279.851206
279.851206
279.851206
279.851206
279.851206
279.851206
279.851206
279.851206
279.851206
279.851206
279.851206
279.851206
279.851206
279.851206
279.851206
279.851206
279.851206
239.046573
239.046573
239.046573
239.046573
239.046573
239.046573
239.046573
239.046573
239.046573
239.046573
239.046573
239.046573
239.046573
239.046573
239.046573
239.046573
239.046573
239.046573
239.046573
239.046573
200.942247
200.942247
200.942247
200.942247
200.942247
200.942247
200.942247
200.942247
200.942247
200.942247
200.942247
200.942247
200.942247
200.942247
200.942247
200.942247
200.942247
200.942247
200.942247
200.942247
165.203017
165.203017
165.203017
165.203017
165.203017
165.203017
165.203017
165.203017
165.203017
165.203017
165.203017
165.203017
165.203017
165.203017
165.203017
165.203017
165.203017
165.203017
165.203017
165.203017
131.552443
131.552443
131.552443
131.552443
131.552443
131.552443
131.552443
131.552443
131.552443
131.552443
131.552443
131.552443
131.552443
131.552443
131.552443
131.552443
131.552443
131.552443
131.552443
131.552443
99.759877
99.759877
99.759877
99.759877
99.759877
99.759877
99.759877
99.759877
99.759877
99.759877
99.759877
99.759877
99.759877
99.759877
99.759877
99.759877
99.759877
99.759877
99.759877
99.759877
69.630875
69.630875
69.630875
69.630875
69.630875
69.630875
69.630875
69.630875
69.630875
69.630875
69.630875
69.630875
69.630875
69.630875
69.630875
69.630875
69.630875
69.630875
69.630875
69.630875
41.000000
41.000000
41.000000
41.000000
41.000000
41.000000
41.000000
41.000000
41.000000
41.000000
41.000000
41.000000
41.000000
41.000000
41.000000
41.000000
41.000000
41.000000
41.000000
41.000000
1500.000000
1500.000000
1500.000000
1500.000000
1500.000000
1500.000000
1500.000000
1500.000000
1500.000000
1500.000000
1500.000000
1500.000000
1500.000000
1500.000000
1500.000000
1500.000000
1500.000000
1500.000000
1500.000000
1500.000000
1228.187949
1228.187949
1228.187949
1228.187949
1228.187949
1228.187949
1228.187949
1228.187949
1228.187949
1228.187949
1228.187949
1228.187949
1228.187949
1228.187949
1228.187949
1228.187949
1228.187949
1228.187949
1228.187949
1228.187949
1043.744058
1043.744058
1043.744058
1043.744058
1043.744058
1043.744058
1043.744058
1043.744058
1043.744058
1043.744058
1043.744058
1043.744058
1043.744058
1043.744058
1043.744058
1043.744058
1043.744058
1043.744058
1043.744058
1043.744058
904.164896
904.164896
904.164896
904.164896
904.164896
904.164896
904.164896
904.164896
904.164896
904.164896
904.164896
904.164896
904.164896
904.164896
904.164896
904.164896
904.164896
904.164896
904.164896
904.164896
791.894702
791.894702
791.894702
791.894702
791.894702
791.894702
791.894702
791.894702
791.894702
791.894702
791.894702
791.894702
791.894702
791.894702
791.894702
791.894702
791.894702
791.894702
791.894702
791.894702
697.995993
697.995993
697.995993
697.995993
697.995993
697.995993
697.995993
697.995993
697.995993
697.995993
697.995993
697.995993
697.995993
697.995993
697.995993
697.995993
697.995993
697.995993
697.995993
697.995993
617.301791
617.301791
617.301791
617.301791
617.301791
617.301791
617.301791
617.301791
617.301791
617.301791
617.301791
617.301791
617.301791
617.301791
617.301791
617.301791
617.301791
617.301791
617.301791
617.301791
546.556188
546.556188
546.556188
546.556188
546.556188
546.556188
546.556188
546.556188
546.556188
546.556188
546.556188
546.556188
546.556188
546.556188
546.556188
546.556188
546.556188
546.556188
546.556188
546.556188
483.575347
483.575347
483.575347
483.575347
483.575347
483.575347
483.575347
483.575347
483.575347
483.575347
483.575347
483.575347
483.575347
483.575347
483.575347
483.575347
483.575347
483.575347
483.575347
483.575347
426.823381
426.823381
426.823381
426.823381
426.823381
426.823381
426.823381
426.823381
426.823381
426.823381
426.823381
426.823381
426.823381
426.823381
426.823381
426.823381
426.823381
426.823381
426.823381
426.823381
375.179091
375.179091
375.179091
375.179091
375.179091
375.179091
375.179091
375.179091
375.179091
375.179091
375.179091
375.179091
375.179091
375.179091
375.179091
375.179091
375.179091
375.179091
375.179091
375.179091
327.799009
327.799009
327.799009
327.799009
327.799009
327.799009
327.799009
327.799009
327.799009
327.799009
327.799009
327.799009
327.799009
327.799009
327.799009
327.799009
327.799009
327.799009
327.799009
327.799009
284.032662
284.032662
284.032662
284.032662
284.032662
284.032662
284.032662
284.032662
284.032662
284.032662
284.032662
284.032662
284.032662
284.032662
284.032662
284.032662
284.032662
284.032662
284.032662
284.032662
243.367867
243.367867
243.367867
243.367867
243.367867
243.367867
243.367867
243.367867
243.367867
243.367867
243.367867
243.367867
243.367867
243.367867
243.367867
243.367867
243.367867
243.367867
243.367867
243.367867
205.394124
205.394124
205.394124
205.394124
205.394124
205.394124
205.394124
205.394124
205.394124
205.394124
205.394124
205.394124
205.394124
205.394124
205.394124
205.394124
205.394124
205.394124
205.394124
205.394124
169.777373
169.777373
169.777373
169.777373
169.777373
169.777373
169.777373
169.777373
169.777373
169.777373
169.777373
169.777373
169.777373
169.777373
169.777373
169.777373
169.777373
169.777373
169.777373
169.777373
136.242120
136.242120
136.242120
136.242120
136.242120
136.242120
136.242120
136.242120
136.242120
136.242120
136.242120
136.242120
136.242120
136.242120
136.242120
136.242120
136.242120
136.242120
136.242120
136.242120
104.558507
104.558507
104.558507
104.558507
104.558507
104.558507
104.558507
104.558507
104.558507
104.558507
104.558507
104.558507
104.558507
104.558507
104.558507
104.558507
104.558507
104.558507
104.558507
104.558507
74.532757
74.532757
74.532757
74.532757
74.532757
74.532757
74.532757
74.532757
74.532757
74.532757
74.532757
74.532757
74.532757
74.532757
74.532757
74.532757
74.532757
74.532757
74.532757
74.532757
46.000000
46.000000
46.000000
46.000000
46.000000
46.000000
46.000000
46.000000
46.000000
46.000000
46.000000
46.000000
46.000000
46.000000
46.000000
46.000000
46.000000
46.000000
46.000000
46.000000
1500.000000
1500.000000
1500.000000
1500.000000
1500.000000
1500.000000
1500.000000
1500.000000
1500.000000
1500.000000
1500.000000
1500.000000
1500.000000
1500.000000
1500.000000
1500.000000
1500.000000
1500.000000
1500.000000
1500.000000
1229.122654
1229.122654
1229.122654
1229.122654
1229.122654
1229.122654
1229.122654
1229.122654
1229.122654
1229.122654
1229.122654
1229.122654
1229.122654
1229.122654
1229.122654
1229.122654
1229.122654
1229.122654
1229.122654
1229.122654
1045.313026
1045.313026
1045.313026
1045.313026
1045.313026
1045.313026
1045.313026
1045.313026
1045.313026
1045.313026
1045.313026
1045.313026
1045.313026
1045.313026
1045.313026
1045.313026
1045.313026
1045.313026
1045.313026
1045.313026
906.213848
906.213848
906.213848
906.213848
906.213848
906.213848
906.213848
906.213848
906.213848
906.213848
906.213848
906.213848
906.213848
906.213848
906.213848
906.213848
906.213848
906.213848
906.213848
906.213848
794.329727
794.329727
794.329727
794.329727
794.329727
794.329727
794.329727
794.329727
794.329727
794.329727
794.329727
794.329727
794.329727
794.329727
794.329727
794.329727
794.329727
794.329727
794.329727
794.329727
700.753916
700.753916
700.753916
700.753916
700.753916
700.753916
700.753916
700.753916
700.753916
700.753916
700.753916
700.753916
700.753916
700.753916
700.753916
700.753916
700.753916
700.753916
700.753916
700.753916
620.337204
620.337204
620.337204
620.337204
620.337204
620.337204
620.337204
620.337204
620.337204
620.337204
620.337204
620.337204
620.337204
620.337204
620.337204
620.337204
620.337204
620.337204
620.337204
620.337204
549.834881
549.834881
549.834881
549.834881
549.834881
549.834881
549.834881
549.834881
549.834881
549.834881
549.834881
549.834881
549.834881
549.834881
549.834881
549.834881
549.834881
549.834881
549.834881
549.834881
487.070618
487.070618
487.070618
487.070618
487.070618
487.070618
487.070618
487.070618
487.070618
487.070618
487.070618
487.070618
487.070618
487.070618
487.070618
487.070618
487.070618
487.070618
487.070618
487.070618
430.513809
430.513809
430.513809
430.513809
430.513809
430.513809
430.513809
430.513809
430.513809
430.513809
430.513809
430.513809
430.513809
430.513809
430.513809
430.513809
430.513809
430.513809
430.513809
430.513809
379.047113
379.047113
379.047113
379.047113
379.047113
379.047113
379.047113
379.047113
379.047113
379.047113
379.047113
379.047113
379.047113
379.047113
379.047113
379.047113
379.047113
379.047113
379.047113
379.047113
331.829961
331.829961
331.829961
331.829961
331.829961
331.829961
331.829961
331.829961
331.829961
331.829961
331.829961
331.829961
331.829961
331.829961
331.829961
331.829961
331.829961
331.829961
331.829961
331.829961
288.214117
288.214117
288.214117
288.214117
288.214117
288.214117
288.214117
288.214117
288.214117
288.214117
288.214117
288.214117
288.214117
288.214117
288.214117
288.214117
288.214117
288.214117
288.214117
288.214117
247.689160
247.689160
247.689160
247.689160
247.689160
247.689160
247.689160
247.689160
247.689160
247.689160
247.689160
247.689160
247.689160
247.689160
247.689160
247.689160
247.689160
247.689160
247.689160
247.689160
209.846001
209.846001
209.846001
209.846001
209.846001
209.846001
209.846001
209.846001
209.846001
209.846001
209.846001
209.846001
209.846001
209.846001
209.846001
209.846001
209.846001
209.846001
209.846001
209.846001
174.351728
174.351728
174.351728
174.351728
174.351728
174.351728
174.351728
174.351728
174.351728
174.351728
174.351728
174.351728
174.351728
174.351728
174.351728
174.351728
174.351728
174.351728
174.351728
174.351728
140.931796
140.931796
140.931796
140.931796
140.931796
140.931796
140.931796
140.931796
140.931796
140.931796
140.931796
140.931796
140.931796
140.931796
140.931796
140.931796
140.931796
140.931796
140.931796
140.931796
109.357136
109.357136
109.357136
109.357136
109.357136
109.357136
109.357136
109.357136
109.357136
109.357136
109.357136
109.357136
109.357136
109.357136
109.357136
109.357136
109.357136
109.357136
109.357136
109.357136
79.434639
79.434639
79.434639
79.434639
79.434639
79.434639
79.434639
79.434639
79.434639
79.434639
79.434639
79.434639
79.434639
79.434639
79.434639
79.434639
79.434639
79.434639
79.434639
79.434639
51.000000
51.000000
51.000000
51.000000
51.000000
51.000000
51.000000
51.000000
51.000000
51.000000
51.000000
51.000000
51.000000
51.000000
51.000000
51.000000
51.000000
51.000000
51.000000
51.000000
1500.000000
1500.000000
1500.000000
1500.000000
1500.000000
1500.000000
1500.000000
1500.000000
1500.000000
1500.000000
1500.000000
1500.000000
1500.000000
1500.000000
1500.000000
1500.000000
1500.000000
1500.000000
1500.000000
1500.000000
1230.057358
1230.057358
1230.057358
1230.057358
1230.057358
1230.057358
1230.057358
1230.057358
1230.057358
1230.057358
1230.057358
1230.057358
1230.057358
1230.057358
1230.057358
1230.057358
1230.057358
1230.057358
1230.057358
1230.057358
1046.881994
1046.881994
1046.881994
1046.881994
1046.881994
1046.881994
1046.881994
1046.881994
1046.881994
1046.881994
1046.881994
1046.881994
1046.881994
1046.881994
1046.881994
1046.881994
1046.881994
1046.881994
1046.881994
1046.881994
908.262800
908.262800
908.262800
908.262800
908.262800
908.262800
908.262800
908.262800
908.262800
908.262800
908.262800
908.262800
908.262800
908.262800
908.262800
908.262800
908.262800
908.262800
908.262800
908.262800
796.764752
796.764752
796.764752
796.764752
796.764752
796.764752
796.764752
796.764752
796.764752
796.764752
796.764752
796.764752
796.764752
796.764752
796.764752
796.764752
796.764752
796.764752
796.764752
796.764752
703.511839
703.511839
703.511839
703.511839
703.511839
703.511839
703.511839
703.511839
703.511839
703.511839
703.511839
703.511839
703.511839
703.511839
703.511839
703.511839
703.511839
703.511839
703.511839
703.511839
623.372617
623.372617
623.372617
623.372617
623.372617
623.372617
623.372617
623.372617
623.372617
623.372617
623.372617
623.372617
623.372617
623.372617
623.372617
623.372617
623.372617
623.372617
623.372617
623.372617
553.113574
553.113574
553.113574
553.113574
553.113574
553.113574
553.113574
553.113574
553.113574
553.113574
553.113574
553.113574
553.113574
553.113574
553.113574
553.113574
553.113574
553.113574
553.113574
553.113574
490.565888
490.565888
490.565888
490.565888
490.565888
490.565888
490.565888
490.565888
490.565888
490.565888
490.565888
490.565888
490.565888
490.565888
490.565888
490.565888
490.565888
490.565888
490.565888
490.565888
434.204238
434.204238
434.204238
434.204238
434.204238
434.204238
434.204238
434.204238
434.204238
434.204238
434.204238
434.204238
434.204238
434.204238
434.204238
434.204238
434.204238
434.204238
434.204238
434.204238
382.915136
382.915136
382.915136
382.915136
382.915136
382.915136
382.915136
382.915136
382.915136
382.915136
382.915136
382.915136
382.915136
382.915136
382.915136
382.915136
382.915136
382.915136
382.915136
382.915136
335.860914
335.860914
335.860914
335.860914
335.860914
335.860914
335.860914
335.860914
335.860914
335.860914
335.860914
335.860914
335.860914
335.860914
335.860914
335.860914
335.860914
335.860914
335.860914
335.860914
292.395573
292.395573
292.395573
292.395573
292.395573
292.395573
292.395573
292.395573
292.395573
292.395573
292.395573
292.395573
292.395573
292.395573
292.395573
292.395573
292.395573
292.395573
292.395573
292.395573
252.010454
252.010454
252.010454
252.010454
252.010454
252.010454
252.010454
252.010454
252.010454
252.010454
252.010454
252.010454
252.010454
252.010454
252.010454
252.010454
252.010454
252.010454
252.010454
252.010454
214.297879
214.297879
214.297879
214.297879
214.297879
214.297879
214.297879
214.297879
214.297879
214.297879
214.297879
214.297879
214.297879
214.297879
214.297879
214.297879
214.297879
214.297879
214.297879
214.297879
178.926084
178.926084
178.926084
178.926084
178.926084
178.926084
178.926084
178.926084
178.926084
178.926084
178.926084
178.926084
178.926084
178.926084
178.926084
178.926084
178.926084
178.926084
178.926084
178.926084
145.621472
145.621472
145.621472
145.621472
145.621472
145.621472
145.621472
145.621472
145.621472
145.621472
145.621472
145.621472
145.621472
145.621472
145.621472
145.621472
145.621472
145.621472
145.621472
145.621472
114.155766
114.155766
114.155766
114.155766
114.155766
114.155766
114.155766
114.155766
114.155766
114.155766
114.155766
114.155766
114.155766
114.155766
114.155766
114.155766
114.155766
114.155766
114.155766
114.155766
84.336520
84.336520
84.336520
84.336520
84.336520
84.336520
84.336520
84.336520
84.336520
84.336520
84.336520
84.336520
84.336520
84.336520
84.336520
84.336520
84.336520
84.336520
84.336520
84.336520
56.000000
56.000000
56.000000
56.000000
56.000000
56.000000
56.000000
56.000000
56.000000
56.000000
56.000000
56.000000
56.000000
56.000000
56.000000
56.000000
56.000000
56.000000
56.000000
56.000000
1500.000000
1500.000000
1500.000000
1500.000000
1500.000000
1500.000000
1500.000000
1500.000000
1500.000000
1500.000000
1500.000000
1500.000000
1500.000000
1500.000000
1500.000000
1500.000000
1500.000000
1500.000000
1500.000000
1500.000000
1230.992063
1230.992063
1230.992063
1230.992063
1230.992063
1230.992063
1230.992063
1230.992063
1230.992063
1230.992063
1230.992063
1230.992063
1230.992063
1230.992063
1230.992063
1230.992063
1230.992063
1230.992063
1230.992063
1230.992063
1048.450962
1048.450962
1048.450962
1048.450962
1048.450962
1048.450962
1048.450962
1048.450962
1048.450962
1048.450962
1048.450962
1048.450962
1048.450962
1048.450962
1048.450962
1048.450962
1048.450962
1048.450962
1048.450962
1048.450962
910.311751
910.311751
910.311751
910.311751
910.311751
910.311751
910.311751
910.311751
910.311751
910.311751
910.311751
910.311751
910.311751
910.311751
910.311751
910.311751
910.311751
910.311751
910.311751
910.311751
799.199777
799.199777
799.199777
799.199777
799.199777
799.199777
799.199777
799.199777
799.199777
799.199777
799.199777
799.199777
799.199777
799.199777
799.199777
799.199777
799.199777
799.199777
799.199777
799.199777
706.269762
706.269762
706.269762
706.269762
706.269762
706.269762
706.269762
706.269762
706.269762
706.269762
706.269762
706.269762
706.269762
706.269762
706.269762
706.269762
706.269762
706.269762
706.269762
706.269762
626.408031
626.408031
626.408031
626.408031
626.408031
626.408031
626.408031
626.408031
626.408031
626.408031
626.408031
626.408031
626.408031
626.408031
626.408031
626.408031
626.408031
626.408031
626.408031
626.408031
556.392266
556.392266
556.392266
556.392266
556.392266
556.392266
556.392266
556.392266
556.392266
556.392266
556.392266
556.392266
556.392266
556.392266
556.392266
556.392266
556.392266
556.392266
556.392266
556.392266
494.061159
494.061159
494.061159
494.061159
494.061159
494.061159
494.061159
494.061159
494.061159
494.061159
494.061159
494.061159
494.061159
494.061159
494.061159
494.061159
494.061159
494.061159
494.061159
494.061159
437.894666
437.894666
437.894666
437.894666
437.894666
437.894666
437.894666
437.894666
437.894666
437.894666
437.894666
437.894666
437.894666
437.894666
437.894666
437.894666
437.894666
437.894666
437.894666
437.894666
386.783158
386.783158
386.783158
386.783158
386.783158
386.783158
386.783158
386.783158
386.783158
386.783158
386.783158
386.783158
386.783158
386.783158
386.783158
386.783158
386.783158
386.783158
386.783158
386.783158
339.891866
339.891866
339.891866
339.891866
339.891866
339.891866
339.891866
339.891866
339.891866
339.891866
339.891866
339.891866
339.891866
339.891866
339.891866
339.891866
339.891866
339.891866
339.891866
339.891866
296.577029
296.577029
296.577029
296.577029
296.577029
296.577029
296.577029
296.577029
296.577029
296.577029
296.577029
296.577029
296.577029
296.577029
296.577029
296.577029
296.577029
296.577029
296.577029
296.577029
256.331747
256.331747
256.331747
256.331747
256.331747
256.331747
256.331747
256.331747
256.331747
256.331747
256.331747
256.331747
256.331747
256.331747
256.331747
256.331747
256.331747
256.331747
256.331747
256.331747
218.749756
218.749756
218.749756
218.749756
218.749756
218.749756
218.749756
218.749756
218.749756
218.749756
218.749756
218.749756
218.749756
218.749756
218.749756
218.749756
218.749756
218.749756
218.749756
218.749756
183.500440
183.500440
183.500440
183.500440
183.500440
183.500440
183.500440
183.500440
183.500440
183.500440
183.500440
183.500440
183.500440
183.500440
183.500440
183.500440
183.500440
183.500440
183.500440
183.500440
150.311149
150.311149
150.311149
150.311149
150.311149
150.311149
150.311149
150.311149
150.311149
150.311149
150.311149
150.311149
150.311149
150.311149
150.311149
150.311149
150.311149
150.311149
150.311149
150.311149
118.954395
118.954395
118.954395
118.954395
118.954395
118.954395
118.954395
118.954395
118.954395
118.954395
118.954395
118.954395
118.954395
118.954395
118.954395
118.954395
118.954395
118.954395
118.954395
118.954395
89.238402
89.238402
89.238402
89.238402
89.238402
89.238402
89.238402
89.238402
89.238402
89.238402
89.238402
89.238402
89.238402
89.238402
89.238402
89.238402
89.238402
89.238402
89.238402
89.238402
61.000000
61.000000
61.000000
61.000000
61.000000
61.000000
61.000000
61.000000
61.000000
61.000000
61.000000
61.000000
61.000000
61.000000
61.000000
61.000000
61.000000
61.000000
61.000000
61.000000
1500.000000
1500.000000
1500.000000
1500.000000
1500.000000
1500.000000
1500.000000
1500.000000
1500.000000
1500.000000
1500.000000
1500.000000
1500.000000
1500.000000
1500.000000
1500.000000
1500.000000
1500.000000
1500.000000
1500.000000
1231.926767
1231.926767
1231.926767
1231.926767
1231.926767
1231.926767
1231.926767
1231.926767
1231.926767
1231.926767
1231.926767
1231.926767
1231.926767
1231.926767
1231.926767
1231.926767
1231.926767
1231.926767
1231.926767
1231.926767
1050.019930
1050.019930
1050.019930
1050.019930
1050.019930
1050.019930
1050.019930
1050.019930
1050.019930
1050.019930
1050.019930
1050.019930
1050.019930
1050.019930
1050.019930
1050.019930
1050.019930
1050.019930
1050.019930
1050.019930
912.360703
912.360703
912.360703
912.360703
912.360703
912.360703
912.360703
912.360703
912.360703
912.360703
912.360703
912.360703
912.360703
912.360703
912.360703
912.360703
912.360703
912.360703
912.360703
912.360703
801.634802
801.634802
801.634802
801.634802
801.634802
801.634802
801.634802
801.634802
801.634802
801.634802
801.634802
801.634802
801.634802
801.634802
801.634802
801.634802
801.634802
801.634802
801.634802
801.634802
709.027685
709.027685
709.027685
709.027685
709.027685
709.027685
709.027685
709.027685
709.027685
709.027685
709.027685
709.027685
709.027685
709.027685
709.027685
709.027685
709.027685
709.027685
709.027685
709.027685
629.443444
629.443444
629.443444
629.443444
629.443444
629.443444
629.443444
629.443444
629.443444
629.443444
629.443444
629.443444
629.443444
629.443444
629.443444
629.443444
629.443444
629.443444
629.443444
629.443444
559.670959
559.670959
559.670959
559.670959
559.670959
559.670959
559.670959
559.670959
559.670959
559.670959
559.670959
559.670959
559.670959
559.670959
559.670959
559.670959
559.670959
559.670959
559.670959
559.670959
497.556429
497.556429
497.556429
497.556429
497.556429
497.556429
497.556429
497.556429
497.556429
497.556429
497.556429
497.556429
497.556429
497.556429
497.556429
497.556429
497.556429
497.556429
497.556429
497.556429
441.585095
441.585095
441.585095
441.585095
441.585095
441.585095
441.585095
441.585095
441.585095
441.585095
441.585095
441.585095
441.585095
441.585095
441.585095
441.585095
441.585095
441.585095
441.585095
441.585095
390.651181
390.651181
390.651181
390.651181
390.651181
390.651181
390.651181
390.651181
390.651181
390.651181
390.651181
390.651181
390.651181
390.651181
390.651181
390.651181
390.651181
390.651181
390.651181
390.651181
343.922819
343.922819
343.922819
343.922819
343.922819
343.922819
343.922819
343.922819
343.922819
343.922819
343.922819
343.922819
343.922819
343.922819
343.922819
343.922819
343.922819
343.922819
343.922819
343.922819
300.758485
300.758485
300.758485
300.758485
300.758485
300.758485
300.758485
300.758485
300.758485
300.758485
300.758485
300.758485
300.758485
300.758485
300.758485
300.758485
300.758485
300.758485
300.758485
300.758485
260.653040
260.653040
260.653040
260.653040
260.653040
260.653040
260.653040
260.653040
260.653040
260.653040
260.653040
260.653040
260.653040
260.653040
260.653040
260.653040
260.653040
260.653040
260.653040
260.653040
223.201633
223.201633
223.201633
223.201633
223.201633
223.201633
223.201633
223.201633
223.201633
223.201633
223.201633
223.201633
223.201633
223.201633
223.201633
223.201633
223.201633
223.201633
223.201633
223.201633
188.074795
188.074795
188.074795
188.074795
188.074795
188.074795
188.074795
188.074795
188.074795
188.074795
188.074795
188.074795
188.074795
188.074795
188.074795
188.074795
188.074795
188.074795
188.074795
188.074795
155.000825
155.000825
155.000825
155.000825
155.000825
155.000825
155.000825
155.000825
155.000825
155.000825
155.000825
155.000825
155.000825
155.000825
155.000825
155.000825
155.000825
155.000825
155.000825
155.000825
123.753025
123.753025
123.753025
123.753025
123.753025
123.753025
123.753025
123.753025
123.753025
123.753025
123.753025
123.753025
123.753025
123.753025
123.753025
123.753025
123.753025
123.753025
123.753025
123.753025
94.140284
94.140284
94.140284
94.140284
94.140284
94.140284
94.140284
94.140284
94.140284
94.140284
94.140284
94.140284
94.140284
94.140284
94.140284
94.140284
94.140284
94.140284
94.140284
94.140284
66.000000
66.000000
66.000000
66.000000
66.000000
66.000000
66.000000
66.000000
66.000000
66.000000
66.000000
66.000000
66.000000
66.000000
66.000000
66.000000
66.000000
66.000000
66.000000
66.000000
1500.000000
1500.000000
1500.000000
1500.000000
1500.000000
1500.000000
1500.000000
1500.000000
1500.000000
1500.000000
1500.000000
1500.000000
1500.000000
1500.000000
1500.000000
1500.000000
1500.000000
1500.000000
1500.000000
1500.000000
1232.861471
1232.861471
1232.861471
1232.861471
1232.861471
1232.861471
1232.861471
1232.861471
1232.861471
1232.861471
1232.861471
1232.861471
1232.861471
1232.861471
1232.861471
1232.861471
1232.861471
1232.861471
1232.861471
1232.861471
1051.588898
1051.588898
1051.588898
1051.588898
1051.588898
1051.588898
1051.588898
1051.588898
1051.588898
1051.588898
1051.588898
1051.588898
1051.588898
1051.588898
1051.588898
1051.588898
1051.588898
1051.588898
1051.588898
1051.588898
914.409654
914.409654
914.409654
914.409654
914.409654
914.409654
914.409654
914.409654
914.409654
914.409654
914.409654
914.409654
914.409654
914.409654
914.409654
914.409654
914.409654
914.409654
914.409654
914.409654
804.069827
804.069827
804.069827
804.069827
804.069827
804.069827
804.069827
804.069827
804.069827
804.069827
804.069827
804.069827
804.069827
804.069827
804.069827
804.069827
804.069827
804.069827
804.069827
804.069827
711.785608
711.785608
711.785608
711.785608
711.785608
711.785608
711.785608
711.785608
711.785608
711.785608
711.785608
711.785608
711.785608
711.785608
711.785608
711.785608
711.785608
711.785608
711.785608
711.785608
632.478857
632.478857
632.478857
632.478857
632.478857
632.478857
632.478857
632.478857
632.478857
632.478857
632.478857
632.478857
632.478857
632.478857
632.478857
632.478857
632.478857
632.478857
632.478857
632.478857
562.949651
562.949651
562.949651
562.949651
562.949651
562.949651
562.949651
562.949651
562.949651
562.949651
562.949651
562.949651
562.949651
562.949651
562.949651
562.949651
562.949651
562.949651
562.949651
562.949651
501.051700
501.051700
501.051700
501.051700
501.051700
501.051700
501.051700
501.051700
501.051700
501.051700
501.051700
501.051700
501.051700
501.051700
501.051700
501.051700
501.051700
501.051700
501.051700
501.051700
445.275523
445.275523
445.275523
445.275523
445.275523
445.275523
445.275523
445.275523
445.275523
445.275523
445.275523
445.275523
445.275523
445.275523
445.275523
445.275523
445.275523
445.275523
445.275523
445.275523
394.519203
394.519203
394.519203
394.519203
394.519203
394.519203
394.519203
394.519203
394.519203
394.519203
394.519203
394.519203
394.519203
394.519203
394.519203
394.519203
394.519203
394.519203
394.519203
394.519203
347.953771
347.953771
347.953771
347.953771
347.953771
347.953771
347.953771
347.953771
347.953771
347.953771
347.953771
347.953771
347.953771
347.953771
347.953771
347.953771
347.953771
347.953771
347.953771
347.953771
304.939941
304.939941
304.939941
304.939941
304.939941
304.939941
304.939941
304.939941
304.939941
304.939941
304.939941
304.939941
304.939941
304.939941
304.939941
304.939941
304.939941
304.939941
304.939941
304.939941
264.974334
264.974334
264.974334
264.974334
264.974334
264.974334
264.974334
264.974334
264.974334
264.974334
264.974334
264.974334
264.974334
264.974334
264.974334
264.974334
264.974334
264.974334
264.974334
264.974334
227.653510
227.653510
227.653510
227.653510
227.653510
227.653510
227.653510
227.653510
227.653510
227.653510
227.653510
227.653510
227.653510
227.653510
227.653510
227.653510
227.653510
227.653510
227.653510
227.653510
192.649151
192.649151
192.649151
192.649151
192.649151
192.649151
192.649151
192.649151
192.649151
192.649151
192.649151
192.649151
192.649151
192.649151
192.649151
192.649151
192.649151
192.649151
192.649151
192.649151
159.690501
159.690501
159.690501
159.690501
159.690501
159.690501
159.690501
159.690501
159.690501
159.690501
159.690501
159.690501
159.690501
159.690501
159.690501
159.690501
159.690501
159.690501
159.690501
159.690501
128.551655
128.551655
128.551655
128.551655
128.551655
128.551655
128.551655
128.551655
128.551655
128.551655
128.551655
128.551655
128.551655
128.551655
128.551655
128.551655
128.551655
128.551655
128.551655
128.551655
99.042166
99.042166
99.042166
99.042166
99.042166
99.042166
99.042166
99.042166
99.042166
99.042166
99.042166
99.042166
99.042166
99.042166
99.042166
99.042166
99.042166
99.042166
99.042166
99.042166
71.000000
71.000000
71.000000
71.000000
71.000000
71.000000
71.000000
71.000000
71.000000
71.000000
71.000000
71.000000
71.000000
71.000000
71.000000
71.000000
71.000000
71.000000
71.000000
71.000000
1500.000000
1500.000000
1500.000000
1500.000000
1500.000000
1500.000000
1500.000000
1500.000000
1500.000000
1500.000000
1500.000000
1500.000000
1500.000000
1500.000000
1500.000000
1500.000000
1500.000000
1500.000000
1500.000000
1500.000000
1233.796176
1233.796176
1233.796176
1233.796176
1233.796176
1233.796176
1233.796176
1233.796176
1233.796176
1233.796176
1233.796176
1233.796176
1233.796176
1233.796176
1233.796176
1233.796176
1233.796176
1233.796176
1233.796176
1233.796176
1053.157867
1053.157867
1053.157867
1053.157867
1053.157867
1053.157867
1053.157867
1053.157867
1053.157867
1053.157867
1053.157867
1053.157867
1053.157867
1053.157867
1053.157867
1053.157867
1053.157867
1053.157867
1053.157867
1053.157867
916.458606
916.458606
916.458606
916.458606
916.458606
916.458606
916.458606
916.458606
916.458606
916.458606
916.458606
916.458606
916.458606
916.458606
916.458606
916.458606
916.458606
916.458606
916.458606
916.458606
806.504852
806.504852
806.504852
806.504852
806.504852
806.504852
806.504852
806.504852
806.504852
806.504852
806.504852
806.504852
806.504852
806.504852
806.504852
806.504852
806.504852
806.504852
806.504852
806.504852
714.543531
714.543531
714.543531
714.543531
714.543531
714.543531
714.543531
714.543531
714.543531
714.543531
714.543531
714.543531
714.543531
714.543531
714.543531
714.543531
714.543531
714.543531
714.543531
714.543531
635.514271
635.514271
635.514271
635.514271
635.514271
635.514271
635.514271
635.514271
635.514271
635.514271
635.514271
635.514271
635.514271
635.514271
635.514271
635.514271
635.514271
635.514271
635.514271
635.514271
566.228344
566.228344
566.228344
566.228344
566.228344
566.228344
566.228344
566.228344
566.228344
566.228344
566.228344
566.228344
566.228344
566.228344
566.228344
566.228344
566.228344
566.228344
566.228344
566.228344
504.546970
504.546970
504.546970
504.546970
504.546970
504.546970
504.546970
504.546970
504.546970
504.546970
504.546970
504.546970
504.546970
504.546970
504.546970
504.546970
504.546970
504.546970
504.546970
504.546970
448.965952
448.965952
448.965952
448.965952
448.965952
448.965952
448.965952
448.965952
448.965952
448.965952
448.965952
448.965952
448.965952
448.965952
448.965952
448.965952
448.965952
448.965952
448.965952
448.965952
398.387225
398.387225
398.387225
398.387225
398.387225
398.387225
398.387225
398.387225
398.387225
398.387225
398.387225
398.387225
398.387225
398.387225
398.387225
398.387225
398.387225
398.387225
398.387225
398.387225
351.984724
351.984724
351.984724
351.984724
351.984724
351.984724
351.984724
351.984724
351.984724
351.984724
351.984724
351.984724
351.984724
351.984724
351.984724
351.984724
351.984724
351.984724
351.984724
351.984724
309.121396
309.121396
309.121396
309.121396
309.121396
309.121396
309.121396
309.121396
309.121396
309.121396
309.121396
309.121396
309.121396
309.121396
309.121396
309.121396
309.121396
309.121396
309.121396
309.121396
269.295627
269.295627
269.295627
269.295627
269.295627
269.295627
269.295627
269.295627
269.295627
269.295627
269.295627
269.295627
269.295627
269.295627
269.295627
269.295627
269.295627
269.295627
269.295627
269.295627
232.105387
232.105387
232.105387
232.105387
232.105387
232.105387
232.105387
232.105387
232.105387
232.105387
232.105387
232.105387
232.105387
232.105387
232.105387
232.105387
232.105387
232.105387
232.105387
232.105387
197.223507
197.223507
197.223507
197.223507
197.223507
197.223507
197.223507
197.223507
197.223507
197.223507
197.223507
197.223507
197.223507
197.223507
197.223507
197.223507
197.223507
197.223507
197.223507
197.223507
164.380178
164.380178
164.380178
164.380178
164.380178
164.380178
164.380178
164.380178
164.380178
164.380178
164.380178
164.380178
164.380178
164.380178
164.380178
164.380178
164.380178
164.380178
164.380178
164.380178
133.350284
133.350284
133.350284
133.350284
133.350284
133.350284
133.350284
133.350284
133.350284
133.350284
133.350284
133.350284
133.350284
133.350284
133.350284
133.350284
133.350284
133.350284
133.350284
133.350284
103.944048
103.944048
103.944048
103.944048
103.944048
103.944048
103.944048
103.944048
103.944048
103.944048
103.944048
103.944048
103.944048
103.944048
103.944048
103.944048
103.944048
103.944048
103.944048
103.944048
76.000000
76.000000
76.000000
76.000000
76.000000
76.000000
76.000000
76.000000
76.000000
76.000000
76.000000
76.000000
76.000000
76.000000
76.000000
76.000000
76.000000
76.000000
76.000000
76.000000
1500.000000
1500.000000
1500.000000
1500.000000
1500.000000
1500.000000
1500.000000
1500.000000
1500.000000
1500.000000
1500.000000
1500.000000
1500.000000
1500.000000
1500.000000
1500.000000
1500.000000
1500.000000
1500.000000
1500.000000
1234.730880
1234.730880
1234.730880
1234.730880
1234.730880
1234.730880
1234.730880
1234.730880
1234.730880
1234.730880
1234.730880
1234.730880
1234.730880
1234.730880
1234.730880
1234.730880
1234.730880
1234.730880
1234.730880
1234.730880
1054.726835
1054.726835
1054.726835
1054.726835
1054.726835
1054.726835
1054.726835
1054.726835
1054.726835
1054.726835
1054.726835
1054.726835
1054.726835
1054.726835
1054.726835
1054.726835
1054.726835
1054.726835
1054.726835
1054.726835
918.507557
918.507557
918.507557
918.507557
918.507557
918.507557
918.507557
918.507557
918.507557
918.507557
918.507557
918.507557
918.507557
918.507557
918.507557
918.507557
918.507557
918.507557
918.507557
918.507557
808.939877
808.939877
808.939877
808.939877
808.939877
808.939877
808.939877
808.939877
808.939877
808.939877
808.939877
808.939877
808.939877
808.939877
808.939877
808.939877
808.939877
808.939877
808.939877
808.939877
717.301454
717.301454
717.301454
717.301454
717.301454
717.301454
717.301454
717.301454
717.301454
717.301454
717.301454
717.301454
717.301454
717.301454
717.301454
717.301454
717.301454
717.301454
717.301454
717.301454
638.549684
638.549684
638.549684
638.549684
638.549684
638.549684
638.549684
638.549684
638.549684
638.549684
638.549684
638.549684
638.549684
638.549684
638.549684
638.549684
638.549684
638.549684
638.549684
638.549684
569.507037
569.507037
569.507037
569.507037
569.507037
569.507037
569.507037
569.507037
569.507037
569.507037
569.507037
569.507037
569.507037
569.507037
569.507037
569.507037
569.507037
569.507037
569.507037
569.507037
508.042241
508.042241
508.042241
508.042241
508.042241
508.042241
508.042241
508.042241
508.042241
508.042241
508.042241
508.042241
508.042241
508.042241
508.042241
508.042241
508.042241
508.042241
508.042241
508.042241
452.656380
452.656380
452.656380
452.656380
452.656380
452.656380
452.656380
452.656380
452.656380
452.656380
452.656380
452.656380
452.656380
452.656380
452.656380
452.656380
452.656380
452.656380
452.656380
452.656380
402.255248
402.255248
402.255248
402.255248
402.255248
402.255248
402.255248
402.255248
402.255248
402.255248
402.255248
402.255248
402.255248
402.255248
402.255248
402.255248
402.255248
402.255248
402.255248
402.255248
356.015676
356.015676
356.015676
356.015676
356.015676
356.015676
356.015676
356.015676
356.015676
356.015676
356.015676
356.015676
356.015676
356.015676
356.015676
356.015676
356.015676
356.015676
356.015676
356.015676
313.302852
313.302852
313.302852
313.302852
313.302852
313.302852
313.302852
313.302852
313.302852
313.302852
313.302852
313.302852
313.302852
313.302852
313.302852
313.302852
313.302852
313.302852
313.302852
313.302852
273.616921
273.616921
273.616921
273.616921
273.616921
273.616921
273.616921
273.616921
273.616921
273.616921
273.616921
273.616921
273.616921
273.616921
273.616921
273.616921
273.616921
273.616921
273.616921
273.616921
236.557264
236.557264
236.557264
236.557264
236.557264
236.557264
236.557264
236.557264
236.557264
236.557264
236.557264
236.557264
236.557264
236.557264
236.557264
236.557264
236.557264
236.557264
236.557264
236.557264
201.797862
201.797862
201.797862
201.797862
201.797862
201.797862
201.797862
201.797862
201.797862
201.797862
201.797862
201.797862
201.797862
201.797862
201.797862
201.797862
201.797862
201.797862
201.797862
201.797862
169.069854
169.069854
169.069854
169.069854
169.069854
169.069854
169.069854
169.069854
169.069854
169.069854
169.069854
169.069854
169.069854
169.069854
169.069854
169.069854
169.069854
169.069854
169.069854
169.069854
138.148914
138.148914
138.148914
138.148914
138.148914
138.148914
138.148914
138.148914
138.148914
138.148914
138.148914
138.148914
138.148914
138.148914
138.148914
138.148914
138.148914
138.148914
138.148914
138.148914
108.845930
108.845930
108.845930
108.845930
108.845930
108.845930
108.845930
108.845930
108.845930
108.845930
108.845930
108.845930
108.845930
108.845930
108.845930
108.845930
108.845930
108.845930
108.845930
108.845930
81.000000
81.000000
81.000000
81.000000
81.000000
81.000000
81.000000
81.000000
81.000000
81.000000
81.000000
81.000000
81.000000
81.000000
81.000000
81.000000
81.000000
81.000000
81.000000
81.000000
1500.000000
1500.000000
1500.000000
1500.000000
1500.000000
1500.000000
1500.000000
1500.000000
1500.000000
1500.000000
1500.000000
1500.000000
1500.000000
1500.000000
1500.000000
1500.000000
1500.000000
1500.000000
1500.000000
1500.000000
1235.665585
1235.665585
1235.665585
1235.665585
1235.665585
1235.665585
1235.665585
1235.665585
1235.665585
1235.665585
1235.665585
1235.665585
1235.665585
1235.665585
1235.665585
1235.665585
1235.665585
1235.665585
1235.665585
1235.665585
1056.295803
1056.295803
1056.295803
1056.295803
1056.295803
1056.295803
1056.295803
1056.295803
1056.295803
1056.295803
1056.295803
1056.295803
1056.295803
1056.295803
1056.295803
1056.295803
1056.295803
1056.295803
1056.295803
1056.295803
920.556509
920.556509
920.556509
920.556509
920.556509
920.556509
920.556509
920.556509
920.556509
920.556509
920.556509
920.556509
920.556509
920.556509
920.556509
920.556509
920.556509
920.556509
920.556509
920.556509
811.374902
811.374902
811.374902
811.374902
811.374902
811.374902
811.374902
811.374902
811.374902
811.374902
811.374902
811.374902
811.374902
811.374902
811.374902
811.374902
811.374902
811.374902
811.374902
811.374902
720.059377
720.059377
720.059377
720.059377
720.059377
720.059377
720.059377
720.059377
720.059377
720.059377
720.059377
720.059377
720.059377
720.059377
720.059377
720.059377
720.059377
720.059377
720.059377
720.059377
641.585098
641.585098
641.585098
641.585098
641.585098
641.585098
641.585098
641.585098
641.585098
641.585098
641.585098
641.585098
641.585098
641.585098
641.585098
641.585098
641.585098
641.585098
641.585098
641.585098
572.785729
572.785729
572.785729
572.785729
572.785729
572.785729
572.785729
572.785729
572.785729
572.785729
572.785729
572.785729
572.785729
572.785729
572.785729
572.785729
572.785729
572.785729
572.785729
572.785729
511.537511
511.537511
511.537511
511.537511
511.537511
511.537511
511.537511
511.537511
511.537511
511.537511
511.537511
511.537511
511.537511
511.537511
511.537511
511.537511
511.537511
511.537511
511.537511
511.537511
456.346809
456.346809
456.346809
456.346809
456.346809
456.346809
456.346809
456.346809
456.346809
456.346809
456.346809
456.346809
456.346809
456.346809
456.346809
456.346809
456.346809
456.346809
456.346809
456.346809
406.123270
406.123270
406.123270
406.123270
406.123270
406.123270
406.123270
406.123270
406.123270
406.123270
406.123270
406.123270
406.123270
406.123270
406.123270
406.123270
406.123270
406.123270
406.123270
406.123270
360.046629
360.046629
360.046629
360.046629
360.046629
360.046629
360.046629
360.046629
360.046629
360.046629
360.046629
360.046629
360.046629
360.046629
360.046629
360.046629
360.046629
360.046629
360.046629
360.046629
317.484308
317.484308
317.484308
317.484308
317.484308
317.484308
317.484308
317.484308
317.484308
317.484308
317.484308
317.484308
317.484308
317.484308
317.484308
317.484308
317.484308
317.484308
317.484308
317.484308
277.938214
277.938214
277.938214
277.938214
277.938214
277.938214
277.938214
277.938214
277.938214
277.938214
277.938214
277.938214
277.938214
277.938214
277.938214
277.938214
277.938214
277.938214
277.938214
277.938214
241.009141
241.009141
241.009141
241.009141
241.009141
241.009141
241.009141
241.009141
241.009141
241.009141
241.009141
241.009141
241.009141
241.009141
241.009141
241.009141
241.009141
241.009141
241.009141
241.009141
206.372218
206.372218
206.372218
206.372218
206.372218
206.372218
206.372218
206.372218
206.372218
206.372218
206.372218
206.372218
206.372218
206.372218
206.372218
206.372218
206.372218
206.372218
206.372218
206.372218
173.759531
173.759531
173.759531
173.759531
173.759531
173.759531
173.759531
173.759531
173.759531
173.759531
173.759531
173.759531
173.759531
173.759531
173.759531
173.759531
173.759531
173.759531
173.759531
173.759531
142.947543
142.947543
142.947543
142.947543
142.947543
142.947543
142.947543
142.947543
142.947543
142.947543
142.947543
142.947543
142.947543
142.947543
142.947543
142.947543
142.947543
142.947543
142.947543
142.947543
113.747812
113.747812
113.747812
113.747812
113.747812
113.747812
113.747812
113.747812
113.747812
113.747812
113.747812
113.747812
113.747812
113.747812
113.747812
113.747812
113.747812
113.747812
113.747812
113.747812
86.000000
86.000000
86.000000
86.000000
86.000000
86.000000
86.000000
86.000000
86.000000
86.000000
86.000000
86.000000
86.000000
86.000000
86.000000
86.000000
86.000000
86.000000
86.000000
86.000000
1500.000000
1500.000000
1500.000000
1500.000000
1500.000000
1500.000000
1500.000000
1500.000000
1500.000000
1500.000000
1500.000000
1500.000000
1500.000000
1500.000000
1500.000000
1500.000000
1500.000000
1500.000000
1500.000000
1500.000000
1236.600289
1236.600289
1236.600289
1236.600289
1236.600289
1236.600289
1236.600289
1236.600289
1236.600289
1236.600289
1236.600289
1236.600289
1236.600289
1236.600289
1236.600289
1236.600289
1236.600289
1236.600289
1236.600289
1236.600289
1057.864771
1057.864771
1057.864771
1057.864771
1057.864771
1057.864771
1057.864771
1057.864771
1057.864771
1057.864771
1057.864771
1057.864771
1057.864771
1057.864771
1057.864771
1057.864771
1057.864771
1057.864771
1057.864771
1057.864771
922.605460
922.605460
922.605460
922.605460
922.605460
922.605460
922.605460
922.605460
922.605460
922.605460
922.605460
922.605460
922.605460
922.605460
922.605460
922.605460
922.605460
922.605460
922.605460
922.605460
813.809927
813.809927
813.809927
813.809927
813.809927
813.809927
813.809927
813.809927
813.809927
813.809927
813.809927
813.809927
813.809927
813.809927
813.809927
813.809927
813.809927
813.809927
813.809927
813.809927
722.817300
722.817300
722.817300
722.817300
722.817300
722.817300
722.817300
722.817300
722.817300
722.817300
722.817300
722.817300
722.817300
722.817300
722.817300
722.817300
722.817300
722.817300
722.817300
722.817300
644.620511
644.620511
644.620511
644.620511
644.620511
644.620511
644.620511
644.620511
644.620511
644.620511
644.620511
644.620511
644.620511
644.620511
644.620511
644.620511
644.620511
644.620511
644.620511
644.620511
576.064422
576.064422
576.064422
576.064422
576.064422
576.064422
576.064422
576.064422
576.064422
576.064422
576.064422
576.064422
576.064422
576.064422
576.064422
576.064422
576.064422
576.064422
576.064422
576.064422
515.032782
515.032782
515.032782
515.032782
515.032782
515.032782
515.032782
515.032782
515.032782
515.032782
515.032782
515.032782
515.032782
515.032782
515.032782
515.032782
515.032782
515.032782
515.032782
515.032782
460.037238
460.037238
460.037238
460.037238
460.037238
460.037238
460.037238
460.037238
460.037238
460.037238
460.037238
460.037238
460.037238
460.037238
460.037238
460.037238
460.037238
460.037238
460.037238
460.037238
409.991292
409.991292
409.991292
409.991292
409.991292
409.991292
409.991292
409.991292
409.991292
409.991292
409.991292
409.991292
409.991292
409.991292
409.991292
409.991292
409.991292
409.991292
409.991292
409.991292
364.077581
364.077581
364.077581
364.077581
364.077581
364.077581
364.077581
364.077581
364.077581
364.077581
364.077581
364.077581
364.077581
364.077581
364.077581
364.077581
364.077581
364.077581
364.077581
364.077581
321.665764
321.665764
321.665764
321.665764
321.665764
321.665764
321.665764
321.665764
321.665764
321.665764
321.665764
321.665764
321.665764
321.665764
321.665764
321.665764
321.665764
321.665764
321.665764
321.665764
282.259508
282.259508
282.259508
282.259508
282.259508
282.259508
282.259508
282.259508
282.259508
282.259508
282.259508
282.259508
282.259508
282.259508
282.259508
282.259508
282.259508
282.259508
282.259508
282.259508
245.461019
245.461019
245.461019
245.461019
245.461019
245.461019
245.461019
245.461019
245.461019
245.461019
245.461019
245.461019
245.461019
245.461019
245.461019
245.461019
245.461019
245.461019
245.461019
245.461019
210.946574
210.946574
210.946574
210.946574
210.946574
210.946574
210.946574
210.946574
210.946574
210.946574
210.946574
210.946574
210.946574
210.946574
210.946574
210.946574
210.946574
210.946574
210.946574
210.946574
178.449207
178.449207
178.449207
178.449207
178.449207
178.449207
178.449207
178.449207
178.449207
178.449207
178.449207
178.449207
178.449207
178.449207
178.449207
178.449207
178.449207
178.449207
178.449207
178.449207
147.746173
147.746173
147.746173
147.746173
147.746173
147.746173
147.746173
147.746173
147.746173
147.746173
147.746173
147.746173
147.746173
147.746173
147.746173
147.746173
147.746173
147.746173
147.746173
147.746173
118.649693
118.649693
118.649693
118.649693
118.649693
118.649693
118.649693
118.649693
118.649693
118.649693
118.649693
118.649693
118.649693
118.649693
118.649693
118.649693
118.649693
118.649693
118.649693
118.649693
91.000000
91.000000
91.000000
91.000000
91.000000
91.000000
91.000000
91.000000
91.000000
91.000000
91.000000
91.000000
91.000000
91.000000
91.000000
91.000000
91.000000
91.000000
91.000000
91.000000
1500.000000
1500.000000
1500.000000
1500.000000
1500.000000
1500.000000
1500.000000
1500.000000
1500.000000
1500.000000
1500.000000
1500.000000
1500.000000
1500.000000
1500.000000
1500.000000
1500.000000
1500.000000
1500.000000
1500.000000
1237.534994
1237.534994
1237.534994
1237.534994
1237.534994
1237.534994
1237.534994
1237.534994
1237.534994
1237.534994
1237.534994
1237.534994
1237.534994
1237.534994
1237.534994
1237.534994
1237.534994
1237.534994
1237.534994
1237.534994
1059.433739
1059.433739
1059.433739
1059.433739
1059.433739
1059.433739
1059.433739
1059.433739
1059.433739
1059.433739
1059.433739
1059.433739
1059.433739
1059.433739
1059.433739
1059.433739
1059.433739
1059.433739
1059.433739
1059.433739
924.654412
924.654412
924.654412
924.654412
924.654412
924.654412
924.654412
924.654412
924.654412
924.654412
924.654412
924.654412
924.654412
924.654412
924.654412
924.654412
924.654412
924.654412
924.654412
924.654412
816.244953
816.244953
816.244953
816.244953
816.244953
816.244953
816.244953
816.244953
816.244953
816.244953
816.244953
816.244953
816.244953
816.244953
816.244953
816.244953
816.244953
816.244953
816.244953
816.244953
725.575223
725.575223
725.575223
725.575223
725.575223
725.575223
725.575223
725.575223
725.575223
725.575223
725.575223
725.575223
725.575223
725.575223
725.575223
725.575223
725.575223
725.575223
725.575223
725.575223
647.655924
647.655924
647.655924
647.655924
647.655924
647.655924
647.655924
647.655924
647.655924
647.655924
647.655924
647.655924
647.655924
647.655924
647.655924
647.655924
647.655924
647.655924
647.655924
647.655924
579.343114
579.343114
579.343114
579.343114
579.343114
579.343114
579.343114
579.343114
579.343114
579.343114
579.343114
579.343114
579.343114
579.343114
579.343114
579.343114
579.343114
579.343114
579.343114
579.343114
518.528052
518.528052
518.528052
518.528052
518.528052
518.528052
518.528052
518.528052
518.528052
518.528052
518.528052
518.528052
518.528052
518.528052
518.528052
518.528052
518.528052
518.528052
518.528052
518.528052
463.727666
463.727666
463.727666
463.727666
463.727666
463.727666
463.727666
463.727666
463.727666
463.727666
463.727666
463.727666
463.727666
463.727666
463.727666
463.727666
463.727666
463.727666
463.727666
463.727666
413.859315
413.859315
413.859315
413.859315
413.859315
413.859315
413.859315
413.859315
413.859315
413.859315
413.859315
413.859315
413.859315
413.859315
413.859315
413.859315
413.859315
413.859315
413.859315
413.859315
368.108534
368.108534
368.108534
368.108534
368.108534
368.108534
368.108534
368.108534
368.108534
368.108534
368.108534
368.108534
368.108534
368.108534
368.108534
368.108534
368.108534
368.108534
368.108534
368.108534
325.847219
325.847219
325.847219
325.847219
325.847219
325.847219
325.847219
325.847219
325.847219
325.847219
325.847219
325.847219
325.847219
325.847219
325.847219
325.847219
325.847219
325.847219
325.847219
325.847219
286.580801
286.580801
286.580801
286.580801
286.580801
286.580801
286.580801
286.580801
286.580801
286.580801
286.580801
286.580801
286.580801
286.580801
286.580801
286.580801
286.580801
286.580801
286.580801
286.580801
249.912896
249.912896
249.912896
249.912896
249.912896
249.912896
249.912896
249.912896
249.912896
249.912896
249.912896
249.912896
249.912896
249.912896
249.912896
249.912896
249.912896
249.912896
249.912896
249.912896
215.520929
215.520929
215.520929
215.520929
215.520929
215.520929
215.520929
215.520929
215.520929
215.520929
215.520929
215.520929
215.520929
215.520929
215.520929
215.520929
215.520929
215.520929
215.520929
215.520929
183.138883
183.138883
183.138883
183.138883
183.138883
183.138883
183.138883
183.138883
183.138883
183.138883
183.138883
183.138883
183.138883
183.138883
183.138883
183.138883
183.138883
183.138883
183.138883
183.138883
152.544803
152.544803
152.544803
152.544803
152.544803
152.544803
152.544803
152.544803
152.544803
152.544803
152.544803
152.544803
152.544803
152.544803
152.544803
152.544803
152.544803
152.544803
152.544803
152.544803
123.551575
123.551575
123.551575
123.551575
123.551575
123.551575
123.551575
123.551575
123.551575
123.551575
123.551575
123.551575
123.551575
123.551575
123.551575
123.551575
123.551575
123.551575
123.551575
123.551575
96.000000
96.000000
96.000000
96.000000
96.000000
96.000000
96.000000
96.000000
96.000000
96.000000
96.000000
96.000000
96.000000
96.000000
96.000000
96.000000
96.000000
96.000000
96.000000
96.000000
